<?xml version="1.0" encoding="UTF-8"?>
<!-- Generated by org.testng.reporters.JUnitReportReporter -->
<testsuite hostname="LAPTOP-QQJ8TVIF" failures="0" tests="1" name="base.BaseClass" time="20.018" errors="0" timestamp="2025-07-30T13:10:23 IST" skipped="0">
  <testcase classname="base.BaseClass" name="testMethod" time="20.018"/>
  <system-out/>
</testsuite> <!-- base.BaseClass -->
