<?xml version="1.0" encoding="UTF-8"?>
<!-- Generated by org.testng.reporters.JUnitReportReporter -->
<testsuite hostname="LAPTOP-QQJ8TVIF" failures="0" tests="3" name="testcase.LoginTest" time="34.168" errors="0" timestamp="2025-07-30T16:10:12 IST" skipped="0">
  <testcase classname="testcase.LoginTest" name="testPasswordMaskedbutton" time="8.478"/>
  <system-out/>
  <testcase classname="testcase.LoginTest" name="testLoginButtonDisabledWhenFieldAreEmptys" time="11.900"/>
  <system-out/>
  <testcase classname="testcase.LoginTest" name="testInvalidLoginShowErrorMsg" time="13.790"/>
  <system-out/>
</testsuite> <!-- testcase.LoginTest -->
